<?xml version="1.0" encoding="UTF-8"?>
<testng-results ignored="0" total="1" passed="1" failed="0" skipped="0">
  <reporter-output>
  </reporter-output>
  <suite started-at="2020-04-27T21:40:22 EDT" name="Default suite" finished-at="2020-04-27T21:40:27 EDT" duration-ms="5245">
    <groups>
    </groups>
    <test started-at="2020-04-27T21:40:22 EDT" name="Default test" finished-at="2020-04-27T21:40:27 EDT" duration-ms="5245">
      <class name="mainFunction.MainDriver">
        <test-method signature="test()[pri:0, instance:mainFunction.MainDriver@2805c96b]" started-at="2020-04-27T21:40:22 EDT" name="test" finished-at="2020-04-27T21:40:27 EDT" duration-ms="5153" status="PASS">
          <reporter-output>
          </reporter-output>
        </test-method> <!-- test -->
      </class> <!-- mainFunction.MainDriver -->
    </test> <!-- Default test -->
  </suite> <!-- Default suite -->
</testng-results>
